[debug] [2017-08-14T18:59:42.993Z] ----------------------------------------------------------------------
[debug] [2017-08-14T18:59:42.997Z] Command:       /usr/bin/nodejs /home/gary/.npm-global/bin/firebase serve
[debug] [2017-08-14T18:59:42.998Z] CLI Version:   3.9.2
[debug] [2017-08-14T18:59:42.998Z] Platform:      linux
[debug] [2017-08-14T18:59:42.998Z] Node Version:  v8.1.4
[debug] [2017-08-14T18:59:42.998Z] Time:          Mon Aug 14 2017 14:59:42 GMT-0400 (EDT)
[debug] [2017-08-14T18:59:42.998Z] ----------------------------------------------------------------------
[debug] 
[debug] [2017-08-14T18:59:43.015Z] > command requires scopes: ["email","openid","https://www.googleapis.com/auth/cloudplatformprojects.readonly","https://www.googleapis.com/auth/firebase","https://www.googleapis.com/auth/cloud-platform"]
[debug] [2017-08-14T18:59:43.015Z] > authorizing via signed-in user
[debug] [2017-08-14T18:59:43.018Z] > refreshing access token with scopes: ["email","https://www.googleapis.com/auth/cloud-platform","https://www.googleapis.com/auth/cloudplatformprojects.readonly","https://www.googleapis.com/auth/firebase","openid"]
[debug] [2017-08-14T18:59:43.018Z] >>> HTTP REQUEST POST https://www.googleapis.com/oauth2/v3/token { refresh_token: '1/7LvJUP7RfqbFOMkux4SlzRxGUIX766QzPxGlBnP-2oA',
  client_id: '563584335869-fgrhgmd47bqnekij5i8b5pr03ho849e6.apps.googleusercontent.com',
  client_secret: 'j9iVZfS8kkCEFUPaAeJV0sAi',
  grant_type: 'refresh_token',
  scope: 'email https://www.googleapis.com/auth/cloud-platform https://www.googleapis.com/auth/cloudplatformprojects.readonly https://www.googleapis.com/auth/firebase openid' } 
 Mon Aug 14 2017 14:59:43 GMT-0400 (EDT)
[debug] [2017-08-14T18:59:43.257Z] <<< HTTP RESPONSE 200
[debug] [2017-08-14T18:59:43.312Z] >>> HTTP REQUEST GET https://admin.firebase.com/v1/projects/train-aff2c  
 Mon Aug 14 2017 14:59:43 GMT-0400 (EDT)
[debug] [2017-08-14T18:59:43.926Z] <<< HTTP RESPONSE 200
[debug] [2017-08-14T18:59:43.928Z] >>> HTTP REQUEST GET https://admin.firebase.com/v1/database/train-aff2c/tokens  
 Mon Aug 14 2017 14:59:43 GMT-0400 (EDT)
[debug] [2017-08-14T18:59:44.720Z] <<< HTTP RESPONSE 200
[info] 
[info] === Serving from '/home/gary/Desktop/Homeworks/train/train-scheduler'...
[info] 
[debug] [2017-08-14T18:59:44.729Z] >>> HTTP REQUEST GET https://cloudresourcemanager.googleapis.com/v1/projects/train-aff2c  
 Mon Aug 14 2017 14:59:44 GMT-0400 (EDT)
[debug] [2017-08-14T18:59:45.100Z] <<< HTTP RESPONSE 200
[debug] [2017-08-14T18:59:45.101Z] >>> HTTP REQUEST GET https://mobilesdk-pa.googleapis.com/v1/projects/302491658308/clients/_:getWebAppConfig  
 Mon Aug 14 2017 14:59:45 GMT-0400 (EDT)
[debug] [2017-08-14T18:59:45.672Z] <<< HTTP RESPONSE 200
[info] i  hosting: Serving hosting files from: public
[info] ✔  hosting: Local server: http://localhost:5000

